umsdk_Android_v6/example/android_studio/app/build/outputs/logs/manifest-merger-debug-report.txt
-- Merging decision tree log ---
manifest
ADDED from src/main/AndroidManifest.xml:2:1-48:12
	package
		ADDED from src/main/AndroidManifest.xml:3:5-32
		INJECTED from src/main/AndroidManifest.xml
		INJECTED from src/main/AndroidManifest.xml
	android:versionName
		ADDED from src/main/AndroidManifest.xml:5:5-30
		INJECTED from src/main/AndroidManifest.xml
		INJECTED from src/main/AndroidManifest.xml
	android:versionCode
		ADDED from src/main/AndroidManifest.xml:4:5-28
		INJECTED from src/main/AndroidManifest.xml
		INJECTED from src/main/AndroidManifest.xml
	xmlns:android
		ADDED from src/main/AndroidManifest.xml:2:11-69
uses-sdk
ADDED from src/main/AndroidManifest.xml:7:5-9:41
	android:targetSdkVersion
		ADDED from src/main/AndroidManifest.xml:9:9-38
		INJECTED from src/main/AndroidManifest.xml
		INJECTED from src/main/AndroidManifest.xml
	android:minSdkVersion
		ADDED from src/main/AndroidManifest.xml:8:9-35
		INJECTED from src/main/AndroidManifest.xml
		INJECTED from src/main/AndroidManifest.xml
uses-permission#android.permission.ACCESS_NETWORK_STATE
ADDED from src/main/AndroidManifest.xml:11:5-79
	android:name
		ADDED from src/main/AndroidManifest.xml:11:22-76
uses-permission#android.permission.ACCESS_WIFI_STATE
ADDED from src/main/AndroidManifest.xml:12:5-76
	android:name
		ADDED from src/main/AndroidManifest.xml:12:22-73
uses-permission#android.permission.READ_PHONE_STATE
ADDED from src/main/AndroidManifest.xml:13:5-75
	android:name
		ADDED from src/main/AndroidManifest.xml:13:22-72
uses-permission#android.permission.INTERNET
ADDED from src/main/AndroidManifest.xml:14:5-67
	android:name
		ADDED from src/main/AndroidManifest.xml:14:22-64
application
ADDED from src/main/AndroidManifest.xml:16:5-46:19
	android:enabled
		ADDED from src/main/AndroidManifest.xml:20:9-31
	android:label
		ADDED from src/main/AndroidManifest.xml:19:9-41
	android:allowBackup
		ADDED from src/main/AndroidManifest.xml:17:9-36
	android:icon
		ADDED from src/main/AndroidManifest.xml:18:9-38
	android:theme
		ADDED from src/main/AndroidManifest.xml:21:9-62
activity#com.umeng.example.MainActivity
ADDED from src/main/AndroidManifest.xml:22:9-30:20
	android:label
		ADDED from src/main/AndroidManifest.xml:24:13-45
	android:name
		ADDED from src/main/AndroidManifest.xml:23:13-41
intent-filter#android.intent.action.MAIN+android.intent.category.LAUNCHER
ADDED from src/main/AndroidManifest.xml:25:13-29:29
action#android.intent.action.MAIN
ADDED from src/main/AndroidManifest.xml:26:17-69
	android:name
		ADDED from src/main/AndroidManifest.xml:26:25-66
category#android.intent.category.LAUNCHER
ADDED from src/main/AndroidManifest.xml:28:17-77
	android:name
		ADDED from src/main/AndroidManifest.xml:28:27-74
activity#com.umeng.example.analytics.AnalyticsHome
ADDED from src/main/AndroidManifest.xml:33:9-61
	android:name
		ADDED from src/main/AndroidManifest.xml:33:19-58
activity#com.umeng.example.analytics.WebviewAnalytic
ADDED from src/main/AndroidManifest.xml:34:9-63
	android:name
		ADDED from src/main/AndroidManifest.xml:34:19-60
activity#com.umeng.example.analytics.FragmentStack
ADDED from src/main/AndroidManifest.xml:35:9-61
	android:name
		ADDED from src/main/AndroidManifest.xml:35:19-58
activity#com.umeng.example.analytics.FragmentTabs
ADDED from src/main/AndroidManifest.xml:36:9-60
	android:name
		ADDED from src/main/AndroidManifest.xml:36:19-57
activity#com.umeng.example.game.GameAnalyticsHome
ADDED from src/main/AndroidManifest.xml:37:9-60
	android:name
		ADDED from src/main/AndroidManifest.xml:37:19-57
meta-data#UMENG_APPKEY
ADDED from src/main/AndroidManifest.xml:40:9-42:66
	android:value
		ADDED from src/main/AndroidManifest.xml:42:13-53
	android:name
		ADDED from src/main/AndroidManifest.xml:41:13-40
meta-data#UMENG_CHANNEL
ADDED from src/main/AndroidManifest.xml:43:9-45:47
	android:value
		ADDED from src/main/AndroidManifest.xml:45:13-34
	android:name
		ADDED from src/main/AndroidManifest.xml:44:13-41